Crashlog created at 2015-04-19 21:08:41 -0400

===== MESSAGE:

RuntimeError: Found 2 content files for content/assets/font-awesome/fonts/fontawesome-webfont; expected 0 or 1

===== COMPILATION STACK:

  (empty)

===== STACK TRACE:

  0. /var/lib/gems/2.1.0/gems/nanoc-3.7.4/lib/nanoc/data_sources/filesystem.rb:170:in `block in all_split_files_in'
  1. /var/lib/gems/2.1.0/gems/nanoc-3.7.4/lib/nanoc/data_sources/filesystem.rb:160:in `each_pair'
  2. /var/lib/gems/2.1.0/gems/nanoc-3.7.4/lib/nanoc/data_sources/filesystem.rb:160:in `all_split_files_in'
  3. /var/lib/gems/2.1.0/gems/nanoc-3.7.4/lib/nanoc/data_sources/filesystem.rb:86:in `load_objects'
  4. /var/lib/gems/2.1.0/gems/nanoc-3.7.4/lib/nanoc/data_sources/filesystem.rb:45:in `items'
  5. /var/lib/gems/2.1.0/gems/nanoc-3.7.4/lib/nanoc/base/source_data/site.rb:343:in `block in load_items'
  6. /var/lib/gems/2.1.0/gems/nanoc-3.7.4/lib/nanoc/base/source_data/site.rb:342:in `each'
  7. /var/lib/gems/2.1.0/gems/nanoc-3.7.4/lib/nanoc/base/source_data/site.rb:342:in `load_items'
  8. /var/lib/gems/2.1.0/gems/nanoc-3.7.4/lib/nanoc/base/source_data/site.rb:244:in `block in load'
  9. /var/lib/gems/2.1.0/gems/nanoc-3.7.4/lib/nanoc/base/source_data/site.rb:306:in `with_datasources'
  10. /var/lib/gems/2.1.0/gems/nanoc-3.7.4/lib/nanoc/base/source_data/site.rb:243:in `load'
  11. /var/lib/gems/2.1.0/gems/nanoc-3.7.4/lib/nanoc/base/source_data/site.rb:128:in `layouts'
  12. /var/lib/gems/2.1.0/gems/nanoc-3.7.4/lib/nanoc/base/compilation/compiler.rb:188:in `dependency_tracker'
  13. /var/lib/gems/2.1.0/gems/nanoc-3.7.4/lib/nanoc/base/memoization.rb:56:in `block in memoize'
  14. /var/lib/gems/2.1.0/gems/nanoc-3.7.4/lib/nanoc/base/compilation/compiler.rb:460:in `stores'
  15. /var/lib/gems/2.1.0/gems/nanoc-3.7.4/lib/nanoc/base/compilation/compiler.rb:147:in `unload'
  16. /var/lib/gems/2.1.0/gems/nanoc-3.7.4/lib/nanoc/base/source_data/site.rb:279:in `unload'
  17. /var/lib/gems/2.1.0/gems/nanoc-3.7.4/lib/nanoc/base/source_data/site.rb:259:in `rescue in load'
  18. /var/lib/gems/2.1.0/gems/nanoc-3.7.4/lib/nanoc/base/source_data/site.rb:263:in `load'
  19. /var/lib/gems/2.1.0/gems/nanoc-3.7.4/lib/nanoc/base/compilation/compiler.rb:118:in `load'
  20. /var/lib/gems/2.1.0/gems/nanoc-3.7.4/lib/nanoc/base/compilation/compiler.rb:82:in `run'
  21. /var/lib/gems/2.1.0/gems/nanoc-3.7.4/lib/nanoc/base/source_data/site.rb:59:in `compile'
  22. /var/lib/gems/2.1.0/gems/guard-nanoc-1.0.3/lib/guard/nanoc.rb:65:in `block in recompile'
  23. /var/lib/gems/2.1.0/gems/guard-nanoc-1.0.3/lib/guard/nanoc.rb:63:in `chdir'
  24. /var/lib/gems/2.1.0/gems/guard-nanoc-1.0.3/lib/guard/nanoc.rb:63:in `recompile'
  25. /var/lib/gems/2.1.0/gems/guard-nanoc-1.0.3/lib/guard/nanoc.rb:28:in `run_on_changes'
  26. /var/lib/gems/2.1.0/gems/guard-2.10.2/lib/guard/runner.rb:82:in `block in _supervise'
  27. /var/lib/gems/2.1.0/gems/guard-2.10.2/lib/guard/runner.rb:79:in `catch'
  28. /var/lib/gems/2.1.0/gems/guard-2.10.2/lib/guard/runner.rb:79:in `_supervise'
  29. /var/lib/gems/2.1.0/gems/guard-2.10.2/lib/guard/runner.rb:61:in `block (3 levels) in run_on_changes'
  30. /var/lib/gems/2.1.0/gems/guard-2.10.2/lib/guard/runner.rb:56:in `each'
  31. /var/lib/gems/2.1.0/gems/guard-2.10.2/lib/guard/runner.rb:56:in `block (2 levels) in run_on_changes'
  32. /var/lib/gems/2.1.0/gems/guard-2.10.2/lib/guard/runner.rb:119:in `block (2 levels) in _run_group_plugins'
  33. /var/lib/gems/2.1.0/gems/guard-2.10.2/lib/guard/runner.rb:117:in `each'
  34. /var/lib/gems/2.1.0/gems/guard-2.10.2/lib/guard/runner.rb:117:in `block in _run_group_plugins'
  35. /var/lib/gems/2.1.0/gems/guard-2.10.2/lib/guard/runner.rb:116:in `catch'
  36. /var/lib/gems/2.1.0/gems/guard-2.10.2/lib/guard/runner.rb:116:in `_run_group_plugins'
  37. /var/lib/gems/2.1.0/gems/guard-2.10.2/lib/guard/runner.rb:54:in `block in run_on_changes'
  38. /var/lib/gems/2.1.0/gems/guard-2.10.2/lib/guard/runner.rb:53:in `each'
  39. /var/lib/gems/2.1.0/gems/guard-2.10.2/lib/guard/runner.rb:53:in `run_on_changes'
  40. /var/lib/gems/2.1.0/gems/guard-2.10.2/lib/guard/internals/queue.rb:23:in `process'
  41. /var/lib/gems/2.1.0/gems/guard-2.10.2/lib/guard/commander.rb:42:in `start'
  42. /var/lib/gems/2.1.0/gems/guard-2.10.2/lib/guard/cli.rb:243:in `_start'
  43. /var/lib/gems/2.1.0/gems/guard-2.10.2/lib/guard/cli.rb:108:in `start'
  44. /usr/lib/ruby/vendor_ruby/thor/command.rb:27:in `run'
  45. /usr/lib/ruby/vendor_ruby/thor/invocation.rb:126:in `invoke_command'
  46. /usr/lib/ruby/vendor_ruby/thor.rb:359:in `dispatch'
  47. /usr/lib/ruby/vendor_ruby/thor/base.rb:440:in `start'
  48. /var/lib/gems/2.1.0/gems/guard-2.10.2/lib/guard/aruba_adapter.rb:32:in `execute'
  49. /var/lib/gems/2.1.0/gems/guard-2.10.2/lib/guard/aruba_adapter.rb:19:in `execute!'
  50. /var/lib/gems/2.1.0/gems/guard-2.10.2/bin/guard:11:in `<top (required)>'
  51. /usr/local/bin/guard:23:in `load'

===== VERSION INFORMATION:

nanoc 3.7.4 © 2007-2014 Denis Defreyne.
Running ruby 2.1.2 (2014-05-08) on x86_64-linux-gnu with RubyGems 2.2.2.

===== SYSTEM INFORMATION:

Linux Turnover 3.16.0-33-lowlatency #44-Ubuntu SMP PREEMPT Thu Mar 12 12:48:26 UTC 2015 x86_64 x86_64 x86_64 GNU/Linux

===== INSTALLED GEMS:

  adsf 1.2.0
  bundler 1.6.3
  celluloid 0.16.0
  coderay 1.1.0
  colored 1.2
  cri 2.6.1
  diff-lcs 1.2.5
  ffi 1.9.6
  formatador 0.2.5
  guard 2.10.2
  guard-nanoc 1.0.3
  hitimes 1.2.2
  kramdown 1.5.0
  listen 2.8.3
  lumberjack 1.0.9
  method_source 0.8.2
  nanoc 3.7.4
  pry 0.10.1
  rack 1.5.2
  rainbow 2.0.0
  rake 10.4.2
  rb-fsevent 0.9.4
  rb-inotify 0.9.5
  rspec 3.1.0
  rspec-core 3.1.7
  rspec-expectations 3.1.2
  rspec-mocks 3.1.3
  rspec-support 3.1.2
  slop 3.6.0
  thor 0.19.1
  timers 4.0.1

===== ENVIRONMENT:

BUNDLE_BIN_PATH => "/usr/share/rubygems-integration/all/gems/bundler-1.6.3/bin/bundle"
BUNDLE_GEMFILE => "/home/acamilo/git/NeuronRobotics.github.io/Gemfile"
COLORTERM => "xfce4-terminal"
COLUMNS => "200"
COMP_WORDBREAKS => " \t\n\"'><;|&(:"
DBUS_SESSION_BUS_ADDRESS => "unix:abstract=/tmp/dbus-IqbNJZS9X4"
DEFAULTS_PATH => "/usr/share/gconf/ubuntustudio.default.path"
DESKTOP_SESSION => "ubuntustudio"
DISPLAY => ":0.0"
GDMSESSION => "ubuntustudio"
GDM_LANG => "en_US"
GEM_HOME => "/var/lib/gems/2.1.0"
GEM_PATH => "/var/lib/gems/2.1.0:/home/acamilo/.gem/ruby/2.1.0:/usr/share/rubygems-integration/2.1.0:/usr/share/rubygems-integration/2.1:/usr/share/rubygems-integration/all"
GLADE_CATALOG_PATH => ":"
GLADE_MODULE_PATH => ":"
GLADE_PIXMAP_PATH => ":"
GNOME_KEYRING_CONTROL => "/run/user/1000/keyring-1VZggM"
GNOME_KEYRING_PID => ""
GPG_AGENT_INFO => "/run/user/1000/keyring-1VZggM/gpg:0:1"
GUARD_NOTIFIERS => "---\n- :name: :notifysend\n  :options:\n    :silent: true\n- :name: :terminal_title\n  :options:\n    :silent: true\n"
GUARD_NOTIFY_ACTIVE => "true"
GUARD_NOTIFY_PID => "2628"
HOME => "/home/acamilo"
IM_CONFIG_PHASE => "1"
INSTANCE => ""
JOB => "dbus"
KIGITHUB => "https://github.com/KiCad"
LANG => "en_US.UTF-8"
LANGUAGE => "en_US"
LESSCLOSE => "/usr/bin/lesspipe %s %s"
LESSOPEN => "| /usr/bin/lesspipe %s"
LINES => "24"
LOGNAME => "acamilo"
LS_COLORS => "rs=0:di=01;34:ln=01;36:mh=00:pi=40;33:so=01;35:do=01;35:bd=40;33;01:cd=40;33;01:or=40;31;01:su=37;41:sg=30;43:ca=30;41:tw=30;42:ow=34;42:st=37;44:ex=01;32:*.tar=01;31:*.tgz=01;31:*.arc=01;31:*.arj=01;31:*.taz=01;31:*.lha=01;31:*.lz4=01;31:*.lzh=01;31:*.lzma=01;31:*.tlz=01;31:*.txz=01;31:*.tzo=01;31:*.t7z=01;31:*.zip=01;31:*.z=01;31:*.Z=01;31:*.dz=01;31:*.gz=01;31:*.lrz=01;31:*.lz=01;31:*.lzo=01;31:*.xz=01;31:*.bz2=01;31:*.bz=01;31:*.tbz=01;31:*.tbz2=01;31:*.tz=01;31:*.deb=01;31:*.rpm=01;31:*.jar=01;31:*.war=01;31:*.ear=01;31:*.sar=01;31:*.rar=01;31:*.alz=01;31:*.ace=01;31:*.zoo=01;31:*.cpio=01;31:*.7z=01;31:*.rz=01;31:*.cab=01;31:*.jpg=01;35:*.jpeg=01;35:*.gif=01;35:*.bmp=01;35:*.pbm=01;35:*.pgm=01;35:*.ppm=01;35:*.tga=01;35:*.xbm=01;35:*.xpm=01;35:*.tif=01;35:*.tiff=01;35:*.png=01;35:*.svg=01;35:*.svgz=01;35:*.mng=01;35:*.pcx=01;35:*.mov=01;35:*.mpg=01;35:*.mpeg=01;35:*.m2v=01;35:*.mkv=01;35:*.webm=01;35:*.ogm=01;35:*.mp4=01;35:*.m4v=01;35:*.mp4v=01;35:*.vob=01;35:*.qt=01;35:*.nuv=01;35:*.wmv=01;35:*.asf=01;35:*.rm=01;35:*.rmvb=01;35:*.flc=01;35:*.avi=01;35:*.fli=01;35:*.flv=01;35:*.gl=01;35:*.dl=01;35:*.xcf=01;35:*.xwd=01;35:*.yuv=01;35:*.cgm=01;35:*.emf=01;35:*.axv=01;35:*.anx=01;35:*.ogv=01;35:*.ogx=01;35:*.aac=00;36:*.au=00;36:*.flac=00;36:*.m4a=00;36:*.mid=00;36:*.midi=00;36:*.mka=00;36:*.mp3=00;36:*.mpc=00;36:*.ogg=00;36:*.ra=00;36:*.wav=00;36:*.axa=00;36:*.oga=00;36:*.spx=00;36:*.xspf=00;36:"
MANDATORY_PATH => "/usr/share/gconf/ubuntustudio.mandatory.path"
MANPATH => "/var/lib/gems/2.1.0/gems/kramdown-1.5.0/man"
OLDPWD => "/home/acamilo/git"
PATH => "/var/lib/gems/2.1.0/bin:/opt/microchip/xc32/v1.00/bin:/usr/local/sbin:/usr/local/bin:/usr/sbin:/usr/bin:/sbin:/bin:/usr/games:/usr/local/games:/opt/microchip/xc32/v1.33/bin"
PWD => "/home/acamilo/git/NeuronRobotics.github.io"
RUBYLIB => "/usr/lib/ruby/vendor_ruby"
RUBYOPT => "-rbundler/setup"
SESSION => "ubuntustudio"
SESSIONTYPE => ""
SESSION_MANAGER => "local/Turnover:@/tmp/.ICE-unix/3631,unix/Turnover:/tmp/.ICE-unix/3631"
SHELL => "/bin/bash"
SHLVL => "1"
SSH_AGENT_PID => "3639"
SSH_AUTH_SOCK => "/tmp/ssh-hYXIKGCSu1Y4/agent.3638"
TERM => "xterm"
TEXTDOMAIN => "im-config"
TEXTDOMAINDIR => "/usr/share/locale/"
UPSTART_EVENTS => "started xsession"
UPSTART_INSTANCE => ""
UPSTART_JOB => "startxfce4"
UPSTART_SESSION => "unix:abstract=/com/ubuntu/upstart-session/1000/3349"
USER => "acamilo"
WINDOWID => "20979898"
XAUTHORITY => "/home/acamilo/.Xauthority"
XDG_CONFIG_DIRS => "/etc/xdg/xdg-ubuntustudio:/usr/share/upstart/xdg:/etc/xdg:/etc/xdg"
XDG_CURRENT_DESKTOP => "XFCE"
XDG_DATA_DIRS => "/usr/share/ubuntustudio:/usr/share/xfce4:/usr/local/share/:/usr/share/:/usr/share"
XDG_GREETER_DATA_DIR => "/var/lib/lightdm-data/acamilo"
XDG_MENU_PREFIX => "xfce-"
XDG_RUNTIME_DIR => "/run/user/1000"
XDG_SEAT => "seat0"
XDG_SEAT_PATH => "/org/freedesktop/DisplayManager/Seat0"
XDG_SESSION_DESKTOP => "ubuntustudio"
XDG_SESSION_ID => "c1"
XDG_SESSION_PATH => "/org/freedesktop/DisplayManager/Session0"
XDG_SESSION_TYPE => "x11"
XDG_VTNR => "7"
_ => "/usr/bin/bundle"
_ORIGINAL_GEM_PATH => "/var/lib/gems/2.1.0:/home/acamilo/.gem/ruby/2.1.0:/usr/share/rubygems-integration/2.1.0:/usr/share/rubygems-integration/2.1:/usr/share/rubygems-integration/all"

===== GEMFILE.LOCK:

GEM
  remote: http://production.cf.rubygems.org/
  specs:
    adsf (1.2.0)
      rack (>= 1.0.0)
    celluloid (0.16.0)
      timers (~> 4.0.0)
    coderay (1.1.0)
    colored (1.2)
    cri (2.6.1)
      colored (~> 1.2)
    diff-lcs (1.2.5)
    ffi (1.9.6)
    formatador (0.2.5)
    guard (2.10.2)
      formatador (>= 0.2.4)
      listen (~> 2.7)
      lumberjack (~> 1.0)
      pry (>= 0.9.12)
      thor (>= 0.18.1)
    guard-nanoc (1.0.3)
      guard (~> 2.8)
      nanoc (~> 3.6)
    hitimes (1.2.2)
    kramdown (1.5.0)
    listen (2.8.3)
      celluloid (>= 0.15.2)
      rb-fsevent (>= 0.9.3)
      rb-inotify (>= 0.9)
    lumberjack (1.0.9)
    method_source (0.8.2)
    nanoc (3.7.4)
      cri (~> 2.3)
    pry (0.10.1)
      coderay (~> 1.1.0)
      method_source (~> 0.8.1)
      slop (~> 3.4)
    rack (1.5.2)
    rainbow (2.0.0)
    rake (10.4.2)
    rb-fsevent (0.9.4)
    rb-inotify (0.9.5)
      ffi (>= 0.5.0)
    rspec (3.1.0)
      rspec-core (~> 3.1.0)
      rspec-expectations (~> 3.1.0)
      rspec-mocks (~> 3.1.0)
    rspec-core (3.1.7)
      rspec-support (~> 3.1.0)
    rspec-expectations (3.1.2)
      diff-lcs (>= 1.2.0, < 2.0)
      rspec-support (~> 3.1.0)
    rspec-mocks (3.1.3)
      rspec-support (~> 3.1.0)
    rspec-support (3.1.2)
    slop (3.6.0)
    thor (0.19.1)
    timers (4.0.1)
      hitimes

PLATFORMS
  ruby

DEPENDENCIES
  adsf (~> 1.2.0)
  guard (~> 2.10.2)
  guard-nanoc (~> 1.0.3)
  kramdown (~> 1.5.0)
  listen (~> 2.8.3)
  nanoc (~> 3.7.4)
  rainbow (~> 2.0.0)
  rake (~> 10.4.2)
  rspec (~> 3.1.0)

===== LOAD PATHS:

  0. /var/lib/gems/2.1.0/gems/rspec-3.1.0/lib
  1. /var/lib/gems/2.1.0/gems/rspec-mocks-3.1.3/lib
  2. /var/lib/gems/2.1.0/gems/rspec-expectations-3.1.2/lib
  3. /var/lib/gems/2.1.0/gems/rspec-core-3.1.7/lib
  4. /var/lib/gems/2.1.0/gems/rspec-support-3.1.2/lib
  5. /var/lib/gems/2.1.0/gems/rainbow-2.0.0/lib
  6. /var/lib/gems/2.1.0/gems/kramdown-1.5.0/lib
  7. /var/lib/gems/2.1.0/gems/guard-nanoc-1.0.3/lib
  8. /var/lib/gems/2.1.0/gems/nanoc-3.7.4/lib
  9. /var/lib/gems/2.1.0/gems/guard-2.10.2/lib
  10. /usr/share/rubygems-integration/all/gems/thor-0.19.1/lib
  11. /var/lib/gems/2.1.0/gems/pry-0.10.1/lib
  12. /var/lib/gems/2.1.0/gems/slop-3.6.0/lib
  13. /var/lib/gems/2.1.0/gems/method_source-0.8.2/lib
  14. /var/lib/gems/2.1.0/gems/lumberjack-1.0.9/lib
  15. /var/lib/gems/2.1.0/gems/listen-2.8.3/lib
  16. /var/lib/gems/2.1.0/gems/rb-inotify-0.9.5/lib
  17. /var/lib/gems/2.1.0/gems/rb-fsevent-0.9.4/lib
  18. /var/lib/gems/2.1.0/gems/formatador-0.2.5/lib
  19. /var/lib/gems/2.1.0/extensions/x86_64-linux/2.1.0/ffi-1.9.6
  20. /var/lib/gems/2.1.0/gems/ffi-1.9.6/lib
  21. /var/lib/gems/2.1.0/gems/diff-lcs-1.2.5/lib
  22. /var/lib/gems/2.1.0/gems/cri-2.6.1/lib
  23. /var/lib/gems/2.1.0/gems/colored-1.2/lib
  24. /var/lib/gems/2.1.0/gems/coderay-1.1.0/lib
  25. /var/lib/gems/2.1.0/gems/celluloid-0.16.0/lib
  26. /var/lib/gems/2.1.0/gems/timers-4.0.1/lib
  27. /var/lib/gems/2.1.0/extensions/x86_64-linux/2.1.0/hitimes-1.2.2
  28. /var/lib/gems/2.1.0/gems/hitimes-1.2.2/lib
  29. /usr/share/rubygems-integration/all/gems/bundler-1.6.3/lib
  30. /var/lib/gems/2.1.0/gems/adsf-1.2.0/lib
  31. /var/lib/gems/2.1.0/gems/rack-1.5.2/lib
  32. /var/lib/gems/2.1.0/gems/rake-10.4.2/lib
  33. /usr/lib/ruby/vendor_ruby
  34. /usr/local/lib/site_ruby/2.1.0
  35. /usr/local/lib/x86_64-linux-gnu/site_ruby
  36. /usr/local/lib/site_ruby
  37. /usr/lib/ruby/vendor_ruby/2.1.0
  38. /usr/lib/x86_64-linux-gnu/ruby/vendor_ruby/2.1.0
  39. /usr/lib/ruby/2.1.0
  40. /usr/lib/x86_64-linux-gnu/ruby/2.1.0
